Arguments: 
  /home/jf17/.nvm/versions/node/v14.15.1/bin/node /home/jf17/.nvm/versions/node/v14.15.1/bin/yarn add @typescript-eslint/eslint-plugin @typescript-eslint/parser gatsby-plugin-typescript typescript

PATH: 
  /home/jf17/.nvm/versions/node/v14.15.1/bin:/usr/local/sbin:/usr/local/bin:/usr/sbin:/usr/bin:/sbin:/bin:/usr/games:/usr/local/games:/snap/bin:/home/jf17/Android/Sdk/emulator:/home/jf17/Android/Sdk/tools:/home/jf17/Android/Sdk/tools/bin:/home/jf17/Android/Sdk/platform-tools

Yarn version: 
  1.22.10

Node version: 
  14.15.1

Platform: 
  linux x64

Trace: 
  Error: connect EHOSTUNREACH 104.16.20.35:443
      at TCPConnectWrap.afterConnect [as oncomplete] (net.js:1146:16)

npm manifest: 
  {
    "name": "gatsby-starter-minimal",
    "version": "1.0.0",
    "private": true,
    "description": "A Gatsby starter with no plugins and a single welcome page.",
    "author": "Laurie Barth",
    "keywords": [
      "gatsby"
    ],
    "scripts": {
      "develop": "gatsby develop",
      "start": "gatsby develop",
      "build": "gatsby build",
      "serve": "gatsby serve",
      "clean": "gatsby clean"
    },
    "license": "0BSD",
    "dependencies": {
      "gatsby": "^3.1.2",
      "react": "^17.0.1",
      "react-dom": "^17.0.1"
    }
  }

yarn manifest: 
  No manifest

Lockfile: 
  No lockfile
